[][][][10/04/2009 12:05:24]
[SELECT employe.IDEmploye, installation.Nom, shift.Semaine, shift.Jour, shift.Start FROM shift JOIN on shift.IDEmploye = employe.IDEmploye and shift.IDInstallation = installation.IDInstallation WHERE IDShift = 16751][Erreur de syntaxe près de 'on shift.IDEmploye = employe.IDEmploye and shift.IDInstallation ' à la ligne 1][][10/04/2009 12:32:28]
[SELECT employe.IDEmploye, installation.Nom, shift.Semaine, shift.Jour, shift.Start FROM shift JOIN on shift.IDEmploye = employe.IDEmploye and shift.IDInstallation = installation.IDInstallation WHERE IDShift = 16751][Erreur de syntaxe près de 'on shift.IDEmploye = employe.IDEmploye and shift.IDInstallation ' à la ligne 1][][10/04/2009 12:33:02]
[SELECT employe.IDEmploye, installation.Nom, shift.Semaine, shift.Jour, shift.Start FROM shift JOIN on shift.IDEmploye = employe.IDEmploye and shift.IDInstallation = installation.IDInstallation WHERE IDShift = 16751][Erreur de syntaxe près de 'on shift.IDEmploye = employe.IDEmploye and shift.IDInstallation ' à la ligne 1][][10/04/2009 12:33:56]
[(SELECT IDRespF as A, responsable.Nom as B, responsable.Prenom as C from client JOIN responsable on responsable.IDResponsable = client.IDRespF WHERE IDClient = 62) 
			UNION
			(SELECT IDRespP as A, responsable.Nom as B, responsable.Prenom as C from client JOIN responsable on responsable.IDResponsable = client.IDRespF WHERE IDClient = 62) 
			UNION
			(SELECT IDResponsable as A, responsable.Nom as B, responsable.Prenom as C from installation JOIN responsable on responsable.IDResponsable = installation.IDResponsable WHERE IDClient = 62) 
			ORDER BY B ASC, C ASC][Champ 'IDRespF' inconnu dans field list][][10/04/2009 12:33:56]
[SELECT employe.IDEmploye, installation.Nom, shift.Semaine, shift.Jour, shift.Start FROM shift JOIN on shift.IDEmploye = employe.IDEmploye and shift.IDInstallation = installation.IDInstallation WHERE IDShift = 16751][Erreur de syntaxe près de 'on shift.IDEmploye = employe.IDEmploye and shift.IDInstallation ' à la ligne 1][][10/04/2009 12:34:40]
[(SELECT IDRespF as A, responsable.Nom as B, responsable.Prenom as C from client JOIN responsable on responsable.IDResponsable = client.IDRespF WHERE IDClient = 62) 
			UNION
			(SELECT IDRespP as A, responsable.Nom as B, responsable.Prenom as C from client JOIN responsable on responsable.IDResponsable = client.IDRespF WHERE IDClient = 62) 
			UNION
			(SELECT IDResponsable as A, responsable.Nom as B, responsable.Prenom as C from installation JOIN responsable on responsable.IDResponsable = installation.IDResponsable WHERE IDClient = 62) 
			ORDER BY B ASC, C ASC][Champ 'IDRespF' inconnu dans field list][][10/04/2009 12:34:40]
[SELECT employe.IDEmploye, installation.Nom, shift.Semaine, shift.Jour, shift.Start FROM shift JOIN on shift.IDEmploye = employe.IDEmploye and shift.IDInstallation = installation.IDInstallation WHERE IDShift = 16751][Erreur de syntaxe près de 'on shift.IDEmploye = employe.IDEmploye and shift.IDInstallation ' à la ligne 1][][10/04/2009 12:34:48]
[(SELECT IDRespF as A, responsable.Nom as B, responsable.Prenom as C from client JOIN responsable on responsable.IDResponsable = client.IDRespF WHERE IDClient = 62) 
			UNION
			(SELECT IDRespP as A, responsable.Nom as B, responsable.Prenom as C from client JOIN responsable on responsable.IDResponsable = client.IDRespF WHERE IDClient = 62) 
			UNION
			(SELECT IDResponsable as A, responsable.Nom as B, responsable.Prenom as C from installation JOIN responsable on responsable.IDResponsable = installation.IDResponsable WHERE IDClient = 62) 
			ORDER BY B ASC, C ASC][Champ 'IDRespF' inconnu dans field list][][10/04/2009 12:34:48]
[][][][10/04/2009 12:34:48]
[SELECT employe.IDEmploye, installation.Nom, shift.Semaine, shift.Jour, shift.Start FROM shift JOIN on shift.IDEmploye = employe.IDEmploye and shift.IDInstallation = installation.IDInstallation WHERE IDShift = 16751][Erreur de syntaxe près de 'on shift.IDEmploye = employe.IDEmploye and shift.IDInstallation ' à la ligne 1][][10/04/2009 12:35:13]
[(SELECT IDRespF as A, responsable.Nom as B, responsable.Prenom as C from client JOIN responsable on responsable.IDResponsable = client.IDRespF WHERE IDClient = 62) 
			UNION
			(SELECT IDRespP as A, responsable.Nom as B, responsable.Prenom as C from client JOIN responsable on responsable.IDResponsable = client.IDRespF WHERE IDClient = 62) 
			UNION
			(SELECT IDResponsable as A, responsable.Nom as B, responsable.Prenom as C from installation JOIN responsable on responsable.IDResponsable = installation.IDResponsable WHERE IDClient = 62) 
			ORDER BY B ASC, C ASC][Champ 'IDRespF' inconnu dans field list][][10/04/2009 12:35:13]
[][][][10/04/2009 12:35:13]
[SELECT employe.IDEmploye, installation.Nom, shift.Semaine, shift.Jour, shift.Start FROM shift JOIN on shift.IDEmploye = employe.IDEmploye and shift.IDInstallation = installation.IDInstallation WHERE IDShift = 16751][Erreur de syntaxe près de 'on shift.IDEmploye = employe.IDEmploye and shift.IDInstallation ' à la ligne 1][][10/04/2009 12:35:19]
[(SELECT IDRespF as A, responsable.Nom as B, responsable.Prenom as C from client JOIN responsable on responsable.IDResponsable = client.IDRespF WHERE IDClient = 62) 
			UNION
			(SELECT IDRespP as A, responsable.Nom as B, responsable.Prenom as C from client JOIN responsable on responsable.IDResponsable = client.IDRespF WHERE IDClient = 62) 
			UNION
			(SELECT IDResponsable as A, responsable.Nom as B, responsable.Prenom as C from installation JOIN responsable on responsable.IDResponsable = installation.IDResponsable WHERE IDClient = 62) 
			ORDER BY B ASC, C ASC][Champ 'IDRespF' inconnu dans field list][][10/04/2009 12:35:19]
[][][][10/04/2009 12:35:19]
[SELECT employe.IDEmploye, installation.Nom, shift.Semaine, shift.Jour, shift.Start FROM shift JOIN on shift.IDEmploye = employe.IDEmploye and shift.IDInstallation = installation.IDInstallation WHERE IDShift = 16751][Erreur de syntaxe près de 'on shift.IDEmploye = employe.IDEmploye and shift.IDInstallation ' à la ligne 1][][10/04/2009 12:36:03]
[(SELECT IDRespF as A, responsable.Nom as B, responsable.Prenom as C from client JOIN responsable on responsable.IDResponsable = client.IDRespF WHERE IDClient = 62) 
			UNION
			(SELECT IDRespP as A, responsable.Nom as B, responsable.Prenom as C from client JOIN responsable on responsable.IDResponsable = client.IDRespF WHERE IDClient = 62) 
			UNION
			(SELECT IDResponsable as A, responsable.Nom as B, responsable.Prenom as C from installation JOIN responsable on responsable.IDResponsable = installation.IDResponsable WHERE IDClient = 62) 
			ORDER BY B ASC, C ASC][Champ 'IDRespF' inconnu dans field list][][10/04/2009 12:36:03]
[][][][10/04/2009 12:36:03]
[SELECT employe.IDEmploye, installation.Nom, shift.Semaine, shift.Jour, shift.Start FROM shift JOIN on shift.IDEmploye = employe.IDEmploye and shift.IDInstallation = installation.IDInstallation WHERE IDShift = 16573][Erreur de syntaxe près de 'on shift.IDEmploye = employe.IDEmploye and shift.IDInstallation ' à la ligne 1][][10/04/2009 12:37:11]
[(SELECT IDRespF as A, responsable.Nom as B, responsable.Prenom as C from client JOIN responsable on responsable.IDResponsable = client.IDRespF WHERE IDClient = 62) 
			UNION
			(SELECT IDRespP as A, responsable.Nom as B, responsable.Prenom as C from client JOIN responsable on responsable.IDResponsable = client.IDRespF WHERE IDClient = 62) 
			UNION
			(SELECT IDResponsable as A, responsable.Nom as B, responsable.Prenom as C from installation JOIN responsable on responsable.IDResponsable = installation.IDResponsable WHERE IDClient = 62) 
			ORDER BY B ASC, C ASC][Champ 'IDRespF' inconnu dans field list][][10/04/2009 12:37:11]
[][][][10/04/2009 12:37:11]
[SELECT employe.IDEmploye, installation.Nom, shift.Semaine, shift.Jour, shift.Start FROM shift JOIN on shift.IDEmploye = employe.IDEmploye and shift.IDInstallation = installation.IDInstallation WHERE IDShift = 16573][Erreur de syntaxe près de 'on shift.IDEmploye = employe.IDEmploye and shift.IDInstallation ' à la ligne 1][][10/04/2009 12:37:39]
[(SELECT IDRespF as A, responsable.Nom as B, responsable.Prenom as C from client JOIN responsable on responsable.IDResponsable = client.IDRespF WHERE IDClient = 62) 
			UNION
			(SELECT IDRespP as A, responsable.Nom as B, responsable.Prenom as C from client JOIN responsable on responsable.IDResponsable = client.IDRespF WHERE IDClient = 62) 
			UNION
			(SELECT IDResponsable as A, responsable.Nom as B, responsable.Prenom as C from installation JOIN responsable on responsable.IDResponsable = installation.IDResponsable WHERE IDClient = 62) 
			ORDER BY B ASC, C ASC][Champ 'IDRespF' inconnu dans field list][][10/04/2009 12:37:39]
[][][][10/04/2009 12:37:39]
[SELECT employe.IDEmploye, installation.Nom, shift.Semaine, shift.Jour, shift.Start FROM shift JOIN employe on shift.IDEmploye = employe.IDEmploye and shift.IDInstallation = installation.IDInstallation WHERE IDShift = 16573][Table inconnue 'installation' dans field list][][10/04/2009 12:38:22]
[(SELECT IDRespF as A, responsable.Nom as B, responsable.Prenom as C from client JOIN responsable on responsable.IDResponsable = client.IDRespF WHERE IDClient = 62) 
			UNION
			(SELECT IDRespP as A, responsable.Nom as B, responsable.Prenom as C from client JOIN responsable on responsable.IDResponsable = client.IDRespF WHERE IDClient = 62) 
			UNION
			(SELECT IDResponsable as A, responsable.Nom as B, responsable.Prenom as C from installation JOIN responsable on responsable.IDResponsable = installation.IDResponsable WHERE IDClient = 62) 
			ORDER BY B ASC, C ASC][Champ 'IDRespF' inconnu dans field list][][10/04/2009 12:38:22]
[][][][10/04/2009 12:38:22]
[SELECT employe.IDEmploye, installation.Nom, shift.Semaine, shift.Jour, shift.Start FROM shift JOIN employe on shift.IDEmploye = employe.IDEmploye and shift.IDInstallation = installation.IDInstallation WHERE IDShift = 16573][Table inconnue 'installation' dans field list][][10/04/2009 12:38:23]
[(SELECT IDRespF as A, responsable.Nom as B, responsable.Prenom as C from client JOIN responsable on responsable.IDResponsable = client.IDRespF WHERE IDClient = 62) 
			UNION
			(SELECT IDRespP as A, responsable.Nom as B, responsable.Prenom as C from client JOIN responsable on responsable.IDResponsable = client.IDRespF WHERE IDClient = 62) 
			UNION
			(SELECT IDResponsable as A, responsable.Nom as B, responsable.Prenom as C from installation JOIN responsable on responsable.IDResponsable = installation.IDResponsable WHERE IDClient = 62) 
			ORDER BY B ASC, C ASC][Champ 'IDRespF' inconnu dans field list][][10/04/2009 12:38:23]
[][][][10/04/2009 12:38:23]
[SELECT employe.IDEmploye, installation.Nom, shift.Semaine, shift.Jour, shift.Start FROM shift JOIN employe on shift.IDEmploye = employe.IDEmploye and shift.IDInstallation = installation.IDInstallation WHERE IDShift = 16576][Table inconnue 'installation' dans field list][][10/04/2009 12:38:27]
[(SELECT IDRespF as A, responsable.Nom as B, responsable.Prenom as C from client JOIN responsable on responsable.IDResponsable = client.IDRespF WHERE IDClient = 62) 
			UNION
			(SELECT IDRespP as A, responsable.Nom as B, responsable.Prenom as C from client JOIN responsable on responsable.IDResponsable = client.IDRespF WHERE IDClient = 62) 
			UNION
			(SELECT IDResponsable as A, responsable.Nom as B, responsable.Prenom as C from installation JOIN responsable on responsable.IDResponsable = installation.IDResponsable WHERE IDClient = 62) 
			ORDER BY B ASC, C ASC][Champ 'IDRespF' inconnu dans field list][][10/04/2009 12:38:27]
[][][][10/04/2009 12:38:27]
[SELECT employe.IDEmploye, installation.Nom, shift.Semaine, shift.Jour, shift.Start FROM shift JOIN employe on shift.IDEmploye = employe.IDEmploye and shift.IDInstallation = installation.IDInstallation WHERE IDShift = 16576][Table inconnue 'installation' dans field list][][10/04/2009 12:38:38]
[(SELECT IDRespF as A, responsable.Nom as B, responsable.Prenom as C from client JOIN responsable on responsable.IDResponsable = client.IDRespF WHERE IDClient = 62) 
			UNION
			(SELECT IDRespP as A, responsable.Nom as B, responsable.Prenom as C from client JOIN responsable on responsable.IDResponsable = client.IDRespF WHERE IDClient = 62) 
			UNION
			(SELECT IDResponsable as A, responsable.Nom as B, responsable.Prenom as C from installation JOIN responsable on responsable.IDResponsable = installation.IDResponsable WHERE IDClient = 62) 
			ORDER BY B ASC, C ASC][Champ 'IDRespF' inconnu dans field list][][10/04/2009 12:38:38]
[][][][10/04/2009 12:38:38]
[SELECT employe.IDEmploye, shift.IDInstallation, shift.Semaine, shift.Jour, shift.Start FROM shift JOIN employe on shift.IDEmploye = employe.IDEmploye and shift.IDInstallation = installation.IDInstallation WHERE IDShift = 16576][Table inconnue 'installation' dans on clause][][10/04/2009 12:39:29]
[(SELECT IDRespF as A, responsable.Nom as B, responsable.Prenom as C from client JOIN responsable on responsable.IDResponsable = client.IDRespF WHERE IDClient = 62) 
			UNION
			(SELECT IDRespP as A, responsable.Nom as B, responsable.Prenom as C from client JOIN responsable on responsable.IDResponsable = client.IDRespF WHERE IDClient = 62) 
			UNION
			(SELECT IDResponsable as A, responsable.Nom as B, responsable.Prenom as C from installation JOIN responsable on responsable.IDResponsable = installation.IDResponsable WHERE IDClient = 62) 
			ORDER BY B ASC, C ASC][Champ 'IDRespF' inconnu dans field list][][10/04/2009 12:39:29]
[][][][10/04/2009 12:39:29]
[SELECT employe.IDEmploye, shift.IDInstallation, shift.Semaine, shift.Jour, shift.Start FROM shift JOIN employe on shift.IDEmploye = employe.IDEmploye and shift.IDInstallation = installation.IDInstallation WHERE IDShift = 16576][Table inconnue 'installation' dans on clause][][10/04/2009 12:39:38]
[(SELECT IDRespF as A, responsable.Nom as B, responsable.Prenom as C from client JOIN responsable on responsable.IDResponsable = client.IDRespF WHERE IDClient = 62) 
			UNION
			(SELECT IDRespP as A, responsable.Nom as B, responsable.Prenom as C from client JOIN responsable on responsable.IDResponsable = client.IDRespF WHERE IDClient = 62) 
			UNION
			(SELECT IDResponsable as A, responsable.Nom as B, responsable.Prenom as C from installation JOIN responsable on responsable.IDResponsable = installation.IDResponsable WHERE IDClient = 62) 
			ORDER BY B ASC, C ASC][Champ 'IDRespF' inconnu dans field list][][10/04/2009 12:39:38]
[][][][10/04/2009 12:39:38]
[(SELECT IDRespF as A, responsable.Nom as B, responsable.Prenom as C from client JOIN responsable on responsable.IDResponsable = client.IDRespF WHERE IDClient = 62) 
			UNION
			(SELECT IDRespP as A, responsable.Nom as B, responsable.Prenom as C from client JOIN responsable on responsable.IDResponsable = client.IDRespF WHERE IDClient = 62) 
			UNION
			(SELECT IDResponsable as A, responsable.Nom as B, responsable.Prenom as C from installation JOIN responsable on responsable.IDResponsable = installation.IDResponsable WHERE IDClient = 62) 
			ORDER BY B ASC, C ASC][Champ 'IDRespF' inconnu dans field list][][10/04/2009 12:40:04]
[][][][10/04/2009 12:40:04]
[(SELECT IDRespF as A, responsable.Nom as B, responsable.Prenom as C from client JOIN responsable on responsable.IDResponsable = client.IDRespF WHERE IDClient = 62) 
			UNION
			(SELECT IDRespP as A, responsable.Nom as B, responsable.Prenom as C from client JOIN responsable on responsable.IDResponsable = client.IDRespF WHERE IDClient = 62) 
			UNION
			(SELECT IDResponsable as A, responsable.Nom as B, responsable.Prenom as C from installation JOIN responsable on responsable.IDResponsable = installation.IDResponsable WHERE IDClient = 62) 
			ORDER BY B ASC, C ASC][Champ 'IDRespF' inconnu dans field list][][10/04/2009 12:40:13]
[][][][10/04/2009 12:40:13]
[(SELECT IDRespF as A, responsable.Nom as B, responsable.Prenom as C from client JOIN responsable on responsable.IDResponsable = client.IDRespF WHERE IDClient = 62) 
			UNION
			(SELECT IDRespP as A, responsable.Nom as B, responsable.Prenom as C from client JOIN responsable on responsable.IDResponsable = client.IDRespF WHERE IDClient = 62) 
			UNION
			(SELECT IDResponsable as A, responsable.Nom as B, responsable.Prenom as C from installation JOIN responsable on responsable.IDResponsable = installation.IDResponsable WHERE IDClient = 62) 
			ORDER BY B ASC, C ASC][Champ 'IDRespF' inconnu dans field list][][10/04/2009 12:40:33]
[][][][10/04/2009 12:40:33]
[(SELECT IDRespF as A, responsable.Nom as B, responsable.Prenom as C from client JOIN responsable on responsable.IDResponsable = client.IDRespF WHERE IDClient = 62) 
			UNION
			(SELECT IDRespP as A, responsable.Nom as B, responsable.Prenom as C from client JOIN responsable on responsable.IDResponsable = client.IDRespF WHERE IDClient = 62) 
			UNION
			(SELECT IDResponsable as A, responsable.Nom as B, responsable.Prenom as C from installation JOIN responsable on responsable.IDResponsable = installation.IDResponsable WHERE IDClient = 62) 
			ORDER BY B ASC, C ASC][Champ 'IDRespF' inconnu dans field list][][10/04/2009 12:40:42]
[][][][10/04/2009 12:40:42]
[(SELECT IDRespF as A, responsable.Nom as B, responsable.Prenom as C from client JOIN responsable on responsable.IDResponsable = client.IDRespF WHERE IDClient = 62) 
			UNION
			(SELECT IDRespP as A, responsable.Nom as B, responsable.Prenom as C from client JOIN responsable on responsable.IDResponsable = client.IDRespF WHERE IDClient = 62) 
			UNION
			(SELECT IDResponsable as A, responsable.Nom as B, responsable.Prenom as C from installation JOIN responsable on responsable.IDResponsable = installation.IDResponsable WHERE IDClient = 62) 
			ORDER BY B ASC, C ASC][Champ 'IDRespF' inconnu dans field list][][10/04/2009 12:40:46]
[][][][10/04/2009 12:40:46]
[(SELECT IDRespF as A, responsable.Nom as B, responsable.Prenom as C from client JOIN responsable on responsable.IDResponsable = client.IDRespF WHERE IDClient = 62) 
			UNION
			(SELECT IDRespP as A, responsable.Nom as B, responsable.Prenom as C from client JOIN responsable on responsable.IDResponsable = client.IDRespF WHERE IDClient = 62) 
			UNION
			(SELECT IDResponsable as A, responsable.Nom as B, responsable.Prenom as C from installation JOIN responsable on responsable.IDResponsable = installation.IDResponsable WHERE IDClient = 62) 
			ORDER BY B ASC, C ASC][Champ 'IDRespF' inconnu dans field list][][10/04/2009 12:40:53]
[][][][10/04/2009 12:40:53]
[(SELECT IDRespF as A, responsable.Nom as B, responsable.Prenom as C from client JOIN responsable on responsable.IDResponsable = client.IDRespF WHERE IDClient = 62) 
			UNION
			(SELECT IDRespP as A, responsable.Nom as B, responsable.Prenom as C from client JOIN responsable on responsable.IDResponsable = client.IDRespF WHERE IDClient = 62) 
			UNION
			(SELECT IDResponsable as A, responsable.Nom as B, responsable.Prenom as C from installation JOIN responsable on responsable.IDResponsable = installation.IDResponsable WHERE IDClient = 62) 
			ORDER BY B ASC, C ASC][Champ 'IDRespF' inconnu dans field list][][10/04/2009 12:40:57]
[][][][10/04/2009 12:40:57]
[(SELECT IDRespF as A, responsable.Nom as B, responsable.Prenom as C from client JOIN responsable on responsable.IDResponsable = client.IDRespF WHERE IDClient = 62) 
			UNION
			(SELECT IDRespP as A, responsable.Nom as B, responsable.Prenom as C from client JOIN responsable on responsable.IDResponsable = client.IDRespF WHERE IDClient = 62) 
			UNION
			(SELECT IDResponsable as A, responsable.Nom as B, responsable.Prenom as C from installation JOIN responsable on responsable.IDResponsable = installation.IDResponsable WHERE IDClient = 62) 
			ORDER BY B ASC, C ASC][Champ 'IDRespF' inconnu dans field list][][10/04/2009 12:41:53]
[][][][10/04/2009 12:41:53]
[(SELECT RespF as A, responsable.Nom as B, responsable.Prenom as C from client JOIN responsable on responsable.IDResponsable = client.IDRespF WHERE IDClient = 62) 
			UNION
			(SELECT RespP as A, responsable.Nom as B, responsable.Prenom as C from client JOIN responsable on responsable.IDResponsable = client.IDRespF WHERE IDClient = 62) 
			UNION
			(SELECT IDResponsable as A, responsable.Nom as B, responsable.Prenom as C from installation JOIN responsable on responsable.IDResponsable = installation.IDResponsable WHERE IDClient = 62) 
			ORDER BY B ASC, C ASC][Champ 'client.IDRespF' inconnu dans on clause][][10/04/2009 12:42:35]
[][][][10/04/2009 12:42:35]
[(SELECT RespF as A, responsable.Nom as B, responsable.Prenom as C from client JOIN responsable on responsable.IDResponsable = client.IDRespF WHERE IDClient = 62) 
			UNION
			(SELECT RespP as A, responsable.Nom as B, responsable.Prenom as C from client JOIN responsable on responsable.IDResponsable = client.IDRespF WHERE IDClient = 62) 
			UNION
			(SELECT IDResponsable as A, responsable.Nom as B, responsable.Prenom as C from installation JOIN responsable on responsable.IDResponsable = installation.IDResponsable WHERE IDClient = 62) 
			ORDER BY B ASC, C ASC][Champ 'client.IDRespF' inconnu dans on clause][][10/04/2009 12:42:36]
[][][][10/04/2009 12:42:36]
[(SELECT RespF as A, responsable.Nom as B, responsable.Prenom as C from client JOIN responsable on responsable.IDResponsable = client.RespF WHERE IDClient = 62) 
			UNION
			(SELECT RespP as A, responsable.Nom as B, responsable.Prenom as C from client JOIN responsable on responsable.IDResponsable = client.RespF WHERE IDClient = 62) 
			UNION
			(SELECT IDResponsable as A, responsable.Nom as B, responsable.Prenom as C from installation JOIN responsable on responsable.IDResponsable = installation.IDResponsable WHERE IDClient = 62) 
			ORDER BY B ASC, C ASC][Champ: 'IDResponsable' dans field list est ambigu][][10/04/2009 12:42:54]
[][][][10/04/2009 12:42:54]
[(SELECT RespF as A, responsable.Nom as B, responsable.Prenom as C from client JOIN responsable on responsable.IDResponsable = client.RespF WHERE IDClient = 62) 
			UNION
			(SELECT RespP as A, responsable.Nom as B, responsable.Prenom as C from client JOIN responsable on responsable.IDResponsable = client.RespF WHERE IDClient = 62) 
			UNION
			(SELECT IDResponsable as A, responsable.Nom as B, responsable.Prenom as C from installation JOIN responsable on responsable.IDResponsable = installation.IDResponsable WHERE IDClient = 62) 
			ORDER BY B ASC, C ASC][Champ: 'IDResponsable' dans field list est ambigu][][10/04/2009 12:42:55]
[][][][10/04/2009 12:42:55]
[SELECT DISTINCT employe.IDEmploye, employe.Nom, employe.Prenom FROM employe JOIN shift on shift.IDEmploye = employe.IDEmploye WHERE shift.IDInstallation in (56,57,58,117,113,114,60,59) AND IDEmploye <> 0 ORDER BY employe.Nom ASC, employe.Prenom ASC][Champ: 'IDEmploye' dans where clause est ambigu][][10/04/2009 12:45:48]
[UPDATE client set Password =  WHERE IDClient =28][Erreur de syntaxe près de 'WHERE IDClient =28' à la ligne 1][][10/04/2009 14:25:55]
[UPDATE client set Password =  WHERE IDClient =28][Erreur de syntaxe près de 'WHERE IDClient =28' à la ligne 1][][10/04/2009 14:26:52]
[UPDATE client set Password = klimpre WHERE IDClient =28][Champ 'klimpre' inconnu dans field list][][10/04/2009 14:28:18]
[UPDATE client set Password = klimpre WHERE IDClient =28][Champ 'klimpre' inconnu dans field list][][10/04/2009 14:29:49]
[UPDATE client set Password = toncousin WHERE IDClient =28][Champ 'toncousin' inconnu dans field list][][10/04/2009 14:30:31]
[SELECT distinct client.IDClient, client.Password from client JOIN installation on client.IDClient = installation.IDClient WHERE installation.Cote ='CLD'][Unknown column 'client.Password' in 'field list'][][22/07/2009 14:59:36]
[SELECT distinct client.IDClient, client.Password from client JOIN installation on client.IDClient = installation.IDClient WHERE installation.Cote ='M-CLD'][Unknown column 'client.Password' in 'field list'][][22/07/2009 14:59:55]
[SELECT distinct client.IDClient, client.Password from client JOIN installation on client.IDClient = installation.IDClient WHERE installation.Cote ='M-CLD'][Unknown column 'client.Password' in 'field list'][][22/07/2009 15:00:24]
[SELECT distinct client.IDClient, client.Password from client JOIN installation on client.IDClient = installation.IDClient WHERE installation.Cote ='M-CLD'][Unknown column 'client.Password' in 'field list'][][22/07/2009 15:00:50]
[SELECT distinct client.IDClient, client.Password from client JOIN installation on client.IDClient = installation.IDClient WHERE installation.Cote ='CLD'][Unknown column 'client.Password' in 'field list'][][22/07/2009 15:01:04]
[SELECT distinct client.IDClient, client.Password from client JOIN installation on client.IDClient = installation.IDClient WHERE installation.Cote ='MCLD'][Unknown column 'client.Password' in 'field list'][][22/07/2009 15:01:28]
[INSERT INTO commentaire(`IDResponsable`,`IDEmploye`,`IDShift`,`Commentaire`) VALUES( ,735,33485,'J\'ai une locataire qui est allée à la piscine à 3h (15h) et la piscine était fermée. Elle viens de m\'appeler et elle est toujours fermée.
Il est 5h (17h)')][You have an error in your SQL syntax; check the manual that corresponds to your MySQL server version for the right syntax to use near '735,33485,'J\'ai une locataire qui est allée à la piscine à 3h (][][22/07/2009 15:57:32]
[INSERT INTO commentaire(`IDResponsable`,`IDEmploye`,`IDShift`,`Commentaire`) VALUES( ,735,33485,'Le sauveteur n est pas present. Les baigneurs appelent au bureau pour se plaindre.')][You have an error in your SQL syntax; check the manual that corresponds to your MySQL server version for the right syntax to use near '735,33485,'Le sauveteur n est pas present. Les baigneurs appelen][][22/07/2009 16:06:43]
[SELECT distinct client.IDClient, client.Password from client JOIN installation on client.IDClient = installation.IDClient WHERE installation.Cote ='HCM'][Unknown column 'client.Password' in 'field list'][][13/08/2009 09:25:05]
[SELECT distinct client.IDClient, client.Password from client JOIN installation on client.IDClient = installation.IDClient WHERE installation.Cote ='HCM'][Unknown column 'client.Password' in 'field list'][][13/08/2009 09:25:51]
[INSERT INTO commentaire(`IDResponsable`,`IDEmploye`,`IDShift`,`Commentaire`) VALUES( ,636,33451,'Bonjour, j\'ais sue que le gérant n\'a pas été polie avec toi Isabelle et on m\'a dit ce matin qu\'il ta forcé à mettre du chlore. Chose qu\'il n\'aurait JAMAIS due faire puisque tu en avais déjàs mis. C\'est normal que les yeux des locataires piquait.
J\'aimerais VRAIMENT que tu m\'écrive un mots concernant la façon que Mr. Charles Lessard à agis enver toi svp.
Le mot ne doit pas dire ...Mélanie m\'a demandée ou une employée... Elle ne doit pas mentionner que ça viens d\'ici.
Je suis vraiment désolée que ce soit passé. Merci de ton bon service.
Mélanie')][You have an error in your SQL syntax; check the manual that corresponds to your MySQL server version for the right syntax to use near '636,33451,'Bonjour, j\'ais sue que le gérant n\'a pas été polie ][][20/08/2009 07:05:28]
[INSERT INTO commentaire(`IDResponsable`,`IDEmploye`,`IDShift`,`Commentaire`) VALUES( ,735,33513,'J\'ai eu des plainte puisque la piscine était fermé quand elle aurrait due être ouverte de 12h à 20h.
Mélanie')][You have an error in your SQL syntax; check the manual that corresponds to your MySQL server version for the right syntax to use near '735,33513,'J\'ai eu des plainte puisque la piscine était fermé q][][24/08/2009 11:00:19]
